2013-12-23 14:42:45.973 ElasticPathMobile[6915:80b] Multi-tasking -> Device: YES, App: YES
2013-12-23 14:42:46.158 ElasticPathMobile[6915:80b] Unlimited access to network resources
2013-12-23 14:42:46.592 ElasticPathMobile[6915:80b] Resetting plugins due to page load.
2013-12-23 14:42:46.932 ElasticPathMobile[6915:80b] Finished load of: file:///Users/himanshukhara/Library/Application%20Support/iPhone%20Simulator/7.0.3-64/Applications/4A118FC0-D3DB-490F-B996-EDC54ABE7A7B/ElasticPathMobile.app/www/index.html
2013-12-23 22:58:18.350 ElasticPathMobile[11167:80b] Multi-tasking -> Device: YES, App: YES
2013-12-23 22:58:18.574 ElasticPathMobile[11167:80b] Unlimited access to network resources
2013-12-23 22:58:20.304 ElasticPathMobile[11167:80b] Resetting plugins due to page load.
2013-12-23 22:58:20.554 ElasticPathMobile[11167:80b] Finished load of: file:///Users/himanshukhara/Library/Application%20Support/iPhone%20Simulator/7.0.3/Applications/0668BF40-C047-46AF-9FE5-1B539AB7AA23/ElasticPathMobile.app/www/index.html
2013-12-23 23:00:22.714 ElasticPathMobile[11950:80b] Multi-tasking -> Device: YES, App: YES
2013-12-23 23:00:22.725 ElasticPathMobile[11950:80b] Unlimited access to network resources
2013-12-23 23:00:22.817 ElasticPathMobile[11950:80b] Resetting plugins due to page load.
2013-12-23 23:00:22.905 ElasticPathMobile[11950:80b] Finished load of: file:///Users/himanshukhara/Library/Application%20Support/iPhone%20Simulator/7.0.3/Applications/0668BF40-C047-46AF-9FE5-1B539AB7AA23/ElasticPathMobile.app/www/index.html
2013-12-23 23:08:58.649 ElasticPathMobile[12750:80b] Multi-tasking -> Device: YES, App: YES
2013-12-23 23:08:58.659 ElasticPathMobile[12750:80b] Unlimited access to network resources
2013-12-23 23:08:58.830 ElasticPathMobile[12750:80b] Resetting plugins due to page load.
2013-12-23 23:08:58.912 ElasticPathMobile[12750:80b] Finished load of: file:///Users/himanshukhara/Library/Application%20Support/iPhone%20Simulator/7.0.3/Applications/0668BF40-C047-46AF-9FE5-1B539AB7AA23/ElasticPathMobile.app/www/index.html
2014-01-09 14:32:40.732 ElasticPathMobile[80620:80b] Multi-tasking -> Device: YES, App: YES
2014-01-09 14:32:40.767 ElasticPathMobile[80620:80b] Unlimited access to network resources
2014-01-09 14:32:42.868 ElasticPathMobile[80620:80b] Resetting plugins due to page load.
2014-01-09 14:32:43.344 ElasticPathMobile[80620:80b] Finished load of: file:///Users/himanshukhara/Library/Application%20Support/iPhone%20Simulator/7.0.3/Applications/0668BF40-C047-46AF-9FE5-1B539AB7AA23/ElasticPathMobile.app/www/index.html
2014-01-09 14:44:16.145 ElasticPathMobile[83504:80b] Multi-tasking -> Device: YES, App: YES
2014-01-09 14:44:16.156 ElasticPathMobile[83504:80b] Unlimited access to network resources
2014-01-09 14:44:16.389 ElasticPathMobile[83504:80b] Resetting plugins due to page load.
2014-01-09 14:44:16.465 ElasticPathMobile[83504:80b] Finished load of: file:///Users/himanshukhara/Library/Application%20Support/iPhone%20Simulator/7.0.3/Applications/0668BF40-C047-46AF-9FE5-1B539AB7AA23/ElasticPathMobile.app/www/index.html
2014-01-09 14:52:12.331 ElasticPathMobile[84933:80b] Multi-tasking -> Device: YES, App: YES
2014-01-09 14:52:12.340 ElasticPathMobile[84933:80b] Unlimited access to network resources
2014-01-09 14:52:12.589 ElasticPathMobile[84933:80b] Resetting plugins due to page load.
2014-01-09 14:52:12.675 ElasticPathMobile[84933:80b] Finished load of: file:///Users/himanshukhara/Library/Application%20Support/iPhone%20Simulator/7.0.3/Applications/0668BF40-C047-46AF-9FE5-1B539AB7AA23/ElasticPathMobile.app/www/index.html
2014-01-09 14:53:00.951 ElasticPathMobile[86226:80b] Multi-tasking -> Device: YES, App: YES
2014-01-09 14:53:00.959 ElasticPathMobile[86226:80b] Unlimited access to network resources
2014-01-09 14:53:01.145 ElasticPathMobile[86226:80b] Resetting plugins due to page load.
2014-01-09 14:53:01.266 ElasticPathMobile[86226:80b] Finished load of: file:///Users/himanshukhara/Library/Application%20Support/iPhone%20Simulator/7.0.3/Applications/0668BF40-C047-46AF-9FE5-1B539AB7AA23/ElasticPathMobile.app/www/index.html
2014-01-09 16:35:22.292 ElasticPathMobile[89163:80b] Multi-tasking -> Device: YES, App: YES
2014-01-09 16:35:22.301 ElasticPathMobile[89163:80b] Unlimited access to network resources
2014-01-09 16:35:22.545 ElasticPathMobile[89163:80b] Resetting plugins due to page load.
2014-01-09 16:35:22.678 ElasticPathMobile[89163:80b] Finished load of: file:///Users/himanshukhara/Library/Application%20Support/iPhone%20Simulator/7.0.3/Applications/0668BF40-C047-46AF-9FE5-1B539AB7AA23/ElasticPathMobile.app/www/index.html
2014-01-09 22:38:54.410 ElasticPathMobile[95301:80b] Multi-tasking -> Device: YES, App: YES
2014-01-09 22:38:54.423 ElasticPathMobile[95301:80b] Unlimited access to network resources
2014-01-09 22:38:54.643 ElasticPathMobile[95301:80b] Resetting plugins due to page load.
2014-01-09 22:38:55.338 ElasticPathMobile[95301:80b] Finished load of: file:///Users/himanshukhara/Library/Application%20Support/iPhone%20Simulator/7.0.3/Applications/0668BF40-C047-46AF-9FE5-1B539AB7AA23/ElasticPathMobile.app/www/index.html
2014-01-09 23:16:52.131 ElasticPathMobile[96779:80b] Multi-tasking -> Device: YES, App: YES
2014-01-09 23:16:52.142 ElasticPathMobile[96779:80b] Unlimited access to network resources
2014-01-09 23:16:52.358 ElasticPathMobile[96779:80b] Resetting plugins due to page load.
2014-01-09 23:16:52.536 ElasticPathMobile[96779:80b] Finished load of: file:///Users/himanshukhara/Library/Application%20Support/iPhone%20Simulator/7.0.3/Applications/0668BF40-C047-46AF-9FE5-1B539AB7AA23/ElasticPathMobile.app/www/index.html
Terminating in response to SpringBoard's termination.
